<?xml version="1.0" encoding="UTF-8"?>
<testng-results ignored="3" total="4" passed="1" failed="0" skipped="0">
  <reporter-output>
  </reporter-output>
  <suite started-at="2019-05-08T11:16:26Z" name="Default suite" finished-at="2019-05-08T11:16:26Z" duration-ms="60">
    <groups>
    </groups>
    <test started-at="2019-05-08T11:16:26Z" name="Default test" finished-at="2019-05-08T11:16:26Z" duration-ms="60">
      <class name="TestNgWithPriority.WithPriority">
        <test-method signature="Two()[pri:6, instance:TestNgWithPriority.WithPriority@3ec300f1]" started-at="2019-05-08T11:16:26Z" name="Two" finished-at="2019-05-08T11:16:26Z" duration-ms="16" status="PASS">
          <reporter-output>
          </reporter-output>
        </test-method> <!-- Two -->
      </class> <!-- TestNgWithPriority.WithPriority -->
    </test> <!-- Default test -->
  </suite> <!-- Default suite -->
</testng-results>
