<?xml version="1.0" encoding="UTF-8"?>
<!-- Generated by org.testng.reporters.JUnitXMLReporter -->
<testsuite ignored="3" hostname="DESKTOP-RKGD9EL" failures="0" tests="1" name="Default test" time="0.06" errors="0" timestamp="08 May 2019 11:16:26 GMT">
  <testcase classname="TestNgWithPriority.WithPriority" name="Two" time="0.016"/>
  <testcase classname="TestNgWithPriority.WithPriority" name="four" time="0.0">
    <ignored/>
  </testcase> <!-- four -->
  <testcase classname="TestNgWithPriority.WithPriority" name="One" time="0.0">
    <ignored/>
  </testcase> <!-- One -->
  <testcase classname="TestNgWithPriority.WithPriority" name="Three" time="0.0">
    <ignored/>
  </testcase> <!-- Three -->
</testsuite> <!-- Default test -->
